-| Administrator Devil_ggggg kicked man. [Reason: Cheat ] |-
-| Administrator Cn_Shindo kicked man. [Reason: minigun ] |-
-| Administrator [C_F]KTS kicked Internet. [Reason: 作弊 ] |-
-| Administrator [ITC]RR_LXD kicked weq. [Reason: 连发聚集？ ] |-
-| Administrator JL3517 kicked [SF]BaBy. [Reason: 屡教不改 ] |-
-| Administrator JL3517 kicked Mozilla_CN. [Reason: 屡教不改 ] |-
-| Administrator [C_F]KTS kicked [C_F]sb_Lj. [Reason: 骂人 ] |-
-| GM [ITC]RR_LXD kicked A_A. [原因: 作弊抢车 ] |-
-| GM [C_F]KTS kicked police. [原因: NO ] |-
-| GM Devil_ggggg 踢出 LCL2. [原因: cheat ] |-
-| GM Cn_Shindo 踢出 MrFixIt. [原因: Lock Health and Cheat ] |-
-| GM Cn_Shindo 踢出 A_A. [原因: minigun ] |-
-| GM [ITC]RR_LXD 踢出 CAJADAD. [原因: 作弊杀人 ] |-
-| GM [C_F]KTS 踢出 RSBT. [原因: cheat ] |-
-| GM [C_F]KTS 踢出 [CHN]MDX. [原因: NO ] |-
-| GM JL3517 踢出 GM_[GxT]Molstr. [原因: 屡教不改  ] |-
-| GM [C_F]KTS 踢出 MTV. [原因: cheat ] |-
-| GM [C_F]KTS 踢出 why. [原因: 烦人 ] |-
-| GM Cn_Shindo 踢出 Lone. [原因: minigun ] |-
-| GM Cn_Shindo 踢出 PoHang_minam. [原因: You are annoyed by Chinese ] |-
-| GM Cn_Shindo 踢出 HahA. [原因: 捣乱. ] |-
-| GM Cn_Shindo 踢出 Cn_Shindo. [原因: 下了- -闪人 ] |-
-| GM Cn_Shindo 踢出 SAMP0. [原因: Minigun ] |-
-| GM Cn_Shindo 踢出 Hojun_Kim. [原因: DM锁血 ] |-
-| GM Cn_Shindo 踢出 0_w_0_. [原因: DM锁血 ] |-
-| GM Devil_ggggg 踢出 stunt. [原因: cheat ] |-
-| GM Cn_Shindo 踢出 flash_chen. [原因: DM锁血 ] |-
-| GM [C_F]KTS 踢出 why. [原因: cheat ] |-
-| GM [C_F]KTS 踢出 Bitch. [原因: cheat ] |-
-| GM Devil_ggggg 踢出 HOLLWOOD. [原因: 锁血 ] |-
-| GM [C_F]KTS 踢出 [DS]Peter. [原因: 骂人干吗 ] |-
-| GM Cn_Shindo 踢出 [Freeman]parkour. [原因: DM锁血 ] |-
-| GM Cn_Shindo 踢出 love. [原因: DM开车 ] |-
-| GM vvg 踢出 [MIX][sb]zzc. [原因: 88 ] |-
-| GM Cn_Shindo 踢出 Howard. [原因: DM作弊. ] |-
-| GM Cn_Shindo 踢出 jack. [原因: minigun ] |-
-| GM Cn_Shindo 踢出 Cn_Shindo. [原因: 走人.. ] |-
-| GM vvg 踢出 [ITC]zZNoyY. [原因: 滚 ] |-
-| GM vvg 踢出 [2008]the. [原因: 夜视 ] |-
-| GM Cn_Shindo 踢出 Cn_Shindo. [原因: BILL..我画个圈圈诅咒你... ] |-
-| GM [C_F]KTS 踢出 jack. [原因: cheat ] |-
-| GM Cn_Shindo 踢出 PLS. [原因: MINIGUN ] |-
-| GM Cn_Shindo 踢出 LeGend_kog. [原因: DM锁血 ] |-
-| GM vvg 踢出 RH_ZX. [原因: 蒸发吧 ] |-
-| GM vvg 踢出 CF_CJ. [原因: 夜视镜 ] |-
-| GM vvg 踢出 qqq. [原因: 政法 ] |-
-| GM [Fly_CoOl]_luck 踢出 HOLLWOOD. [原因: 我忍无可忍 ] |-
-| GM [C_F]KTS 踢出 PLS. [原因: cheat ] |-
-| GM Cn_Shindo 踢出 Young. [原因: ho,特技去杀人+锁血 ] |-
-| GM [C_F]KTS 踢出 OG_Loc. [原因: cheat ] |-
-| GM [C_F]KTS 踢出 ___Y12___. [原因: SB ] |-
-| GM [C_F]KTS 踢出 ___T12___. [原因: 你真帅送你拉 ] |-
-| GM [ITC]RR_LXD 踢出 MIKE_[GO]. [原因: 火箭连发 ] |-
-| GM [C_F]KTS 踢出 japan_hz. [原因: cheat ] |-
-| GM [C_F]KTS 踢出 KIf_skg2. [原因: cheat ] |-
-| GM Cn_Shindo 踢出 [BZB]_WHF_[NB]. [原因: no-cheat ] |-
-| GM Cn_Shindo 踢出 msh_2008. [原因: minigun ] |-
-| GM Cn_Shindo 踢出 [M]Cero. [原因: DM锁血 ] |-
-| GM [C_F]KTS 踢出 chenbin. [原因: cheaty ] |-
-| GM Cn_Shindo 踢出 cindy_line. [原因: 作弊 ] |-
-| GM Cn_Shindo 踢出 [XK]Laurence. [原因: 非DM区域开枪 ] |-
-| GM Cn_Shindo 踢出 majia. [原因: 捣乱 ] |-
-| GM Cn_Shindo 踢出 yezizhu. [原因: 别怪我! ] |-
-| GM [C_F]KTS 踢出 shanghaI. [原因: 我知道你帅我不会嫉妒你 ] |-
-| GM Cn_Shindo 踢出 tmwyhack. [原因: no-small-plane ] |-
-| GM Cn_Shindo 踢出 Huai_Ren. [原因: 赛车不要作弊! ] |-
-| GM Cn_Shindo 踢出 [C_F]KTS. [原因: 别刷屏 ] |-
-| GM [C_F]KTS 踢出 dt123. [原因: 你很帅啊 ] |-
-| GM Cn_Shindo 踢出 super_wlc. [原因: 非DM区no-killing ] |-
-| GM Cn_Shindo 踢出 [GxT]Riotman. [原因: 不会跑参加个P赛车! ] |-
-| GM [C_F]KTS 踢出 kill. [原因: SB ] |-
-| GM Devil_ggggg 踢出 ByeongHun_Kim. [原因: minigun ] |-
-| GM Devil_ggggg 踢出 kh4921. [原因: minigun!!!!!!!!!!!!! ] |-
-| GM [C_F]KTS 踢出 Super_Saiyan. [原因: 讨厌的中国老 ] |-
-| GM [C_F]KTS 踢出 [CHN]Jony. [原因: CHEAT ] |-
-| GM [C_F]KTS 踢出 IHY_YHI. [原因: 你帅 ] |-
-| GM [C_F]KTS 踢出 Bill. [原因: cheat ] |-
-| GM [C_F]KTS 踢出 lone_S0pO. [原因: cheat ] |-
-| GM [C_F]KTS 踢出 Bill. [原因: cheat ] |-
-| GM Devil_ggggg 踢出 HuEi_Se. [原因: minigun ] |-
-| GM Devil_ggggg 踢出 HuEi_Se. [原因: 所子弹 ] |-
-| GM [C_F]KTS 踢出 wocaonima_nima. [原因: 用挂抢车 ] |-
-| GM vvg 踢出 mc_tdog. [原因: 骂人就不给机会了 ] |-
-| GM [Fly_CoOl]_luck 踢出 ATiRaDEoN_AK. [原因: . ] |-
-| GM vvg 踢出 [DS]B_M_W. [原因: 干什么都可以就是不能缺德和说脏话 ] |-
-| GM [ITC]RR_LXD 踢出 HuEi_Se. [原因: 撞车队- -够了 ] |-
-| GM [Fly_CoOl]_luck 踢出 ___Z12___. [原因: 草 ] |-
-| GM [C_F]KTS 踢出 [C_F]KTS. [原因: 走人 ] |-
-| GM Devil_ggggg 踢出 BIG. [原因: 鹿角不该 ] |-
-| GM [C_F]KTS 踢出 batisita. [原因: cheat ] |-
-| GM Devil_ggggg 踢出 Molsrt. [原因: fuck ] |-
-| GM [C_F]KTS 踢出 [JAPAN]yiyi. [原因: 骂人- - ] |-
-| GM Devil_ggggg 踢出 [CHN]520. [原因: fuck ] |-
-| GM Devil_ggggg 踢出 ccc. [原因: 严重刷屏 ] |-
-| GM vvg 踢出 woshihaha. [原因: 夜视镜是禁止的 ] |-
-| GM Devil_ggggg 踢出 san. [原因: 不要滥用命令  刷平.. ] |-
-| GM Devil_ggggg 踢出 [Baobiao]_Se. [原因: no RPG! ] |-
-| GM Devil_ggggg 踢出 QQQ. [原因: 别捣乱! ] |-
-| GM Cn_Shindo 踢出 Amanda_Cesar. [原因: no-透视镜 ] |-
-| GM Cn_Shindo 踢出 [Baobiao]_Se. [原因: DM之外别玩火箭筒- - ] |-
-| GM Cn_Shindo 踢出 bca_123. [原因: no-driving-in-dm ] |-
-| GM Cn_Shindo 踢出 [Superman]VC. [原因: minigun ] |-
-| GM [C_F]KTS 踢出 Vice. [原因: minigun ] |-
-| GM Devil_ggggg 踢出 a007. [原因: no Rpg ] |-
-| GM [C_F]KTS 踢出 HO9. [原因: minigun ] |-
-| GM Devil_ggggg 踢出 Arnoldelis. [原因: Fuck you ! ] |-
-| GM Devil_ggggg 踢出 Kazkas. [原因: fuck you ] |-
-| GM Devil_ggggg 踢出 jonelis. [原因: no minigun ] |-
-| GM [C_F]KTS 踢出 ile1111eil. [原因: 在DM多次作弊 ] |-
-| GM fangye 踢出 lklfsdo. [原因: DM使用武器，还那个 ] |-
-| GM JL3517 踢出 FQAH_Stan. [原因: 你以为就你有作弊器吗？     太粗糙了~ ] |-
-| GM [C_F]KTS 踢出 JP_sbmn. [原因: 认你很旧了 ] |-
-| GM Devil_ggggg 踢出 JP_sbmn. [原因: 别用作弊器  撞人！~ ] |-
-| GM Devil_ggggg 踢出 JP_sbmn. [原因: fuck you ! ] |-
-| GM JL3517 踢出 [KWZ]Fanta. [原因: 欺人太甚 ] |-
-| GM [C_F]KTS 踢出 [CHN]CULKJ. [原因: 别用MINIGUN ] |-
-| GM [C_F]KTS 踢出 iiiiiiiiiii_cn. [原因: minigun ] |-
-| GM Devil_ggggg 踢出 GozaRani. [原因: 屡教不改     散播谣言  直接BAN掉!!!!!!! ] |-
-| GM Devil_ggggg 踢出 Lover_Forever. [原因: 我说过了  别用minigun !!! ] |-
-| GM Devil_ggggg 踢出 GozaRani. [原因: 滚吧   T你2  次了  还作弊 ] |-
-| GM dt123 踢出 Dolis. [原因: 作弊所学 ] |-
-| GM Cn_Shindo 踢出 [Bad_Tea]BMW. [原因: 别玩倒计时捣乱!! ] |-
-| GM vvg 踢出 Marines_Ghost. [原因: dm作弊 ] |-
-| GM fangye 踢出 is999. [原因: fuck you! ] |-
-| GM owen 踢出 Gulller. [原因: 骂人 ] |-
-| GM Devil_ggggg 踢出 pangpang. [原因: 你说你好好做人  还刷喷火器~! ] |-
